2020-05-14 15:52:32,696 DEBUG c.n.p.RegistrationPage [main] driver-ul este initializat
2020-05-14 15:52:34,357 DEBUG c.n.p.RegistrationPage [main] pagina web este deschisa
2020-05-14 15:52:34,589 DEBUG c.n.p.RegistrationPage [main] sunt introduse detaliile user-ului
2020-05-14 15:52:34,943 DEBUG c.n.p.RegistrationPage [main] sunt introduse credentialele user-ului
2020-05-14 15:52:36,450 DEBUG c.n.p.RegistrationPage [main] este apasat butonul Submit
2020-05-14 15:52:36,454 DEBUG c.n.p.RegistrationConfirmationPage [main] driver-ul este initializat
2020-05-14 15:52:37,500 DEBUG c.n.p.RegistrationConfirmationPage [main] este apasat butonul 'Flights
2020-05-14 15:52:37,503 DEBUG c.n.p.FlightsDetailsPage [main] driver-ul este initializat
2020-05-14 15:52:37,799 DEBUG c.n.p.FlightsDetailsPage [main] sunt selectati numarul de pasageri
2020-05-14 15:52:38,500 DEBUG c.n.p.FlightsDetailsPage [main] este apasat butonul FindFlights 
2020-05-14 15:52:38,502 DEBUG c.n.p.FindFlightPage [main] driver-ul este initializat
2020-05-14 15:52:39,950 DEBUG c.n.p.FindFlightPage [main] este apasat butonul Reserve Flight
2020-05-14 15:52:41,128 DEBUG c.n.p.FindFlightPage [main] este apasat butonul BuyFlights
2020-05-14 15:52:41,137 DEBUG c.n.p.FlightConfirmationPage [main] driver-ul este initializat
2020-05-14 15:52:42,458 DEBUG c.n.p.FlightConfirmationPage [main] Varificam daca suntem in confimation page si verificam si pretul
2020-05-14 15:52:43,888 DEBUG c.n.p.RegistrationPage [main] driver-ul este initializat
2020-05-14 15:52:45,515 DEBUG c.n.p.RegistrationPage [main] pagina web este deschisa
2020-05-14 15:52:45,977 DEBUG c.n.p.RegistrationPage [main] sunt introduse detaliile user-ului
2020-05-14 15:52:46,617 DEBUG c.n.p.RegistrationPage [main] sunt introduse credentialele user-ului
2020-05-14 15:52:48,559 DEBUG c.n.p.RegistrationPage [main] este apasat butonul Submit
2020-05-14 15:52:48,561 DEBUG c.n.p.RegistrationConfirmationPage [main] driver-ul este initializat
2020-05-14 15:52:49,909 DEBUG c.n.p.RegistrationConfirmationPage [main] este apasat butonul 'Flights
2020-05-14 15:52:49,910 DEBUG c.n.p.FlightsDetailsPage [main] driver-ul este initializat
2020-05-14 15:52:50,217 DEBUG c.n.p.FlightsDetailsPage [main] sunt selectati numarul de pasageri
2020-05-14 15:52:50,990 DEBUG c.n.p.FlightsDetailsPage [main] este apasat butonul FindFlights 
2020-05-14 15:52:50,991 DEBUG c.n.p.FindFlightPage [main] driver-ul este initializat
2020-05-14 15:52:52,350 DEBUG c.n.p.FindFlightPage [main] este apasat butonul Reserve Flight
2020-05-14 15:52:53,499 DEBUG c.n.p.FindFlightPage [main] este apasat butonul BuyFlights
2020-05-14 15:52:53,501 DEBUG c.n.p.FlightConfirmationPage [main] driver-ul este initializat
2020-05-14 15:52:54,773 DEBUG c.n.p.FlightConfirmationPage [main] Varificam daca suntem in confimation page si verificam si pretul
2020-05-14 15:53:12,033 DEBUG c.o.p.ContactUsPage [main] driver-ul este initializat
2020-05-14 15:53:18,569 DEBUG c.o.p.ContactUsPage [main] pagina este deschisa
2020-05-14 15:53:20,551 DEBUG c.o.p.ContactUsPage [main] este apasat butonul ContactUs
2020-05-14 15:53:40,691 DEBUG c.o.p.OrderProducts [main] driver-ul este initializat
2020-05-14 15:54:23,986 DEBUG c.o.p.OrderProducts [main] suntem logati in aplicatie
2020-05-14 15:54:27,510 DEBUG c.o.p.OrderProducts [main] am deschis cosul
2020-05-14 15:54:28,894 DEBUG c.o.p.OrderProducts [main] am deschis checkout-ul
2020-05-14 15:54:30,150 DEBUG c.o.p.OrderProducts [main] am trecut de adresa
2020-05-14 15:54:31,752 DEBUG c.o.p.OrderProducts [main] am acceptat termenii si conditiile si am inaintat catre plata
2020-05-14 15:54:34,972 DEBUG c.o.p.OrderProducts [main] comanda este plasata
2020-05-14 15:54:35,097 DEBUG c.o.p.OrderProducts [main] verificarea efectuata cu success
2020-05-14 15:54:36,190 DEBUG c.s.p.SearchPage [main] driver-ul este initializat
2020-05-14 15:54:42,338 DEBUG c.s.p.SearchPage [main] pagina google este deschisa
2020-05-14 15:54:43,844 DEBUG c.s.p.SearchPage [main] butonul 'video' este apasat
2020-05-14 15:54:44,446 DEBUG c.s.p.SearchPage [main] este afisat numarul total de clipuri diponibile pe pagina
2020-05-14 15:55:01,842 DEBUG c.s.p.SearchPage [main] driver-ul este initializat
2020-05-14 15:55:05,554 DEBUG c.s.p.SearchPage [main] pagina google este deschisa
2020-05-14 15:55:06,666 DEBUG c.s.p.SearchPage [main] butonul 'video' este apasat
2020-05-14 15:55:06,717 DEBUG c.s.p.SearchPage [main] este afisat numarul total de clipuri diponibile pe pagina
2020-05-14 15:55:15,611 DEBUG c.s.p.SearchPage [main] driver-ul este initializat
2020-05-14 15:55:19,381 DEBUG c.s.p.SearchPage [main] pagina google este deschisa
2020-05-14 15:55:21,495 DEBUG c.s.p.SearchPage [main] butonul 'video' este apasat
2020-05-14 15:55:21,604 DEBUG c.s.p.SearchPage [main] este afisat numarul total de clipuri diponibile pe pagina
2020-05-14 16:53:28,419 DEBUG c.n.p.RegistrationPage [main] driver-ul este initializat
2020-05-14 16:53:29,722 DEBUG c.n.p.RegistrationPage [main] pagina web este deschisa
2020-05-14 16:53:29,926 DEBUG c.n.p.RegistrationPage [main] sunt introduse detaliile user-ului
2020-05-14 16:53:30,255 DEBUG c.n.p.RegistrationPage [main] sunt introduse credentialele user-ului
2020-05-14 16:53:31,663 DEBUG c.n.p.RegistrationPage [main] este apasat butonul Submit
2020-05-14 16:53:31,667 DEBUG c.n.p.RegistrationConfirmationPage [main] driver-ul este initializat
2020-05-14 16:53:32,603 DEBUG c.n.p.RegistrationConfirmationPage [main] este apasat butonul 'Flights
2020-05-14 16:53:32,605 DEBUG c.n.p.FlightsDetailsPage [main] driver-ul este initializat
2020-05-14 16:53:32,906 DEBUG c.n.p.FlightsDetailsPage [main] sunt selectati numarul de pasageri
2020-05-14 16:53:33,564 DEBUG c.n.p.FlightsDetailsPage [main] este apasat butonul FindFlights 
2020-05-14 16:53:33,566 DEBUG c.n.p.FindFlightPage [main] driver-ul este initializat
2020-05-14 16:53:34,755 DEBUG c.n.p.FindFlightPage [main] este apasat butonul Reserve Flight
2020-05-14 16:53:35,768 DEBUG c.n.p.FindFlightPage [main] este apasat butonul BuyFlights
2020-05-14 16:53:35,773 DEBUG c.n.p.FlightConfirmationPage [main] driver-ul este initializat
2020-05-14 16:53:36,859 DEBUG c.n.p.FlightConfirmationPage [main] Varificam daca suntem in confimation page si verificam si pretul
2020-05-14 16:53:38,118 DEBUG c.n.p.RegistrationPage [main] driver-ul este initializat
2020-05-14 16:53:39,395 DEBUG c.n.p.RegistrationPage [main] pagina web este deschisa
2020-05-14 16:53:39,809 DEBUG c.n.p.RegistrationPage [main] sunt introduse detaliile user-ului
2020-05-14 16:53:40,272 DEBUG c.n.p.RegistrationPage [main] sunt introduse credentialele user-ului
2020-05-14 16:53:41,682 DEBUG c.n.p.RegistrationPage [main] este apasat butonul Submit
2020-05-14 16:53:41,683 DEBUG c.n.p.RegistrationConfirmationPage [main] driver-ul este initializat
2020-05-14 16:53:42,679 DEBUG c.n.p.RegistrationConfirmationPage [main] este apasat butonul 'Flights
2020-05-14 16:53:42,680 DEBUG c.n.p.FlightsDetailsPage [main] driver-ul este initializat
2020-05-14 16:53:43,001 DEBUG c.n.p.FlightsDetailsPage [main] sunt selectati numarul de pasageri
2020-05-14 16:53:43,658 DEBUG c.n.p.FlightsDetailsPage [main] este apasat butonul FindFlights 
2020-05-14 16:53:43,659 DEBUG c.n.p.FindFlightPage [main] driver-ul este initializat
2020-05-14 16:53:44,824 DEBUG c.n.p.FindFlightPage [main] este apasat butonul Reserve Flight
2020-05-14 16:53:45,833 DEBUG c.n.p.FindFlightPage [main] este apasat butonul BuyFlights
2020-05-14 16:53:45,834 DEBUG c.n.p.FlightConfirmationPage [main] driver-ul este initializat
2020-05-14 16:53:47,021 DEBUG c.n.p.FlightConfirmationPage [main] Varificam daca suntem in confimation page si verificam si pretul
2020-05-14 16:54:03,412 DEBUG c.o.p.ContactUsPage [main] driver-ul este initializat
2020-05-14 16:54:08,016 DEBUG c.o.p.ContactUsPage [main] pagina este deschisa
2020-05-14 16:54:08,804 DEBUG c.o.p.ContactUsPage [main] este apasat butonul ContactUs
2020-05-14 16:54:09,738 DEBUG c.o.p.ContactUsPage [main] aici este selectat motivul din formular
2020-05-14 16:54:09,876 DEBUG c.o.p.ContactUsPage [main] aici este introdusa adresa de email
2020-05-14 16:54:09,992 DEBUG c.o.p.ContactUsPage [main] aici este introdusa ordernumber
2020-05-14 16:54:10,151 DEBUG c.o.p.ContactUsPage [main] aici este introdus mesajul text
2020-05-14 16:54:11,165 DEBUG c.o.p.ContactUsPage [main] aici este apasat pe butonul Send
2020-05-14 16:54:11,226 DEBUG c.o.p.ContactUsPage [main] aici este verificat daca formularul a fost trimis cu succes
2020-05-14 16:54:11,229 DEBUG c.o.p.OrderProducts [main] driver-ul este initializat
2020-05-14 16:54:18,240 DEBUG c.o.p.OrderProducts [main] suntem logati in aplicatie
2020-05-14 16:54:21,516 DEBUG c.o.p.OrderProducts [main] am deschis cosul
2020-05-14 16:54:23,149 DEBUG c.o.p.OrderProducts [main] am deschis checkout-ul
2020-05-14 16:54:24,467 DEBUG c.o.p.OrderProducts [main] am trecut de adresa
2020-05-14 16:54:25,703 DEBUG c.o.p.OrderProducts [main] am acceptat termenii si conditiile si am inaintat catre plata
2020-05-14 16:54:28,788 DEBUG c.o.p.OrderProducts [main] comanda este plasata
2020-05-14 16:54:28,885 DEBUG c.o.p.OrderProducts [main] verificarea efectuata cu success
2020-05-14 16:54:30,023 DEBUG c.s.p.SearchPage [main] driver-ul este initializat
2020-05-14 16:54:34,797 DEBUG c.s.p.SearchPage [main] pagina google este deschisa
2020-05-14 16:54:36,534 DEBUG c.s.p.SearchPage [main] butonul 'video' este apasat
2020-05-14 16:54:36,607 DEBUG c.s.p.SearchPage [main] este afisat numarul total de clipuri diponibile pe pagina
2020-05-14 16:54:52,044 DEBUG c.s.p.SearchPage [main] driver-ul este initializat
2020-05-14 16:54:55,885 DEBUG c.s.p.SearchPage [main] pagina google este deschisa
2020-05-14 16:54:57,653 DEBUG c.s.p.SearchPage [main] butonul 'video' este apasat
2020-05-14 16:54:57,732 DEBUG c.s.p.SearchPage [main] este afisat numarul total de clipuri diponibile pe pagina
2020-05-14 16:55:03,179 DEBUG c.s.p.SearchPage [main] driver-ul este initializat
2020-05-14 16:55:07,143 DEBUG c.s.p.SearchPage [main] pagina google este deschisa
2020-05-14 16:55:08,428 DEBUG c.s.p.SearchPage [main] butonul 'video' este apasat
2020-05-14 16:55:08,714 DEBUG c.s.p.SearchPage [main] este afisat numarul total de clipuri diponibile pe pagina
2020-05-14 17:26:16,156 DEBUG c.n.p.RegistrationPage [main] driver-ul este initializat
2020-05-14 17:26:17,408 DEBUG c.n.p.RegistrationPage [main] pagina web este deschisa
2020-05-14 17:26:17,621 DEBUG c.n.p.RegistrationPage [main] sunt introduse detaliile user-ului
2020-05-14 17:26:17,975 DEBUG c.n.p.RegistrationPage [main] sunt introduse credentialele user-ului
2020-05-14 17:26:21,236 DEBUG c.n.p.RegistrationPage [main] este apasat butonul Submit
2020-05-14 17:26:21,241 DEBUG c.n.p.RegistrationConfirmationPage [main] driver-ul este initializat
2020-05-14 17:26:22,147 DEBUG c.n.p.RegistrationConfirmationPage [main] este apasat butonul 'Flights
2020-05-14 17:26:22,150 DEBUG c.n.p.FlightsDetailsPage [main] driver-ul este initializat
2020-05-14 17:26:22,432 DEBUG c.n.p.FlightsDetailsPage [main] sunt selectati numarul de pasageri
2020-05-14 17:26:23,124 DEBUG c.n.p.FlightsDetailsPage [main] este apasat butonul FindFlights 
2020-05-14 17:26:23,126 DEBUG c.n.p.FindFlightPage [main] driver-ul este initializat
2020-05-14 17:26:24,286 DEBUG c.n.p.FindFlightPage [main] este apasat butonul Reserve Flight
2020-05-14 17:26:25,311 DEBUG c.n.p.FindFlightPage [main] este apasat butonul BuyFlights
2020-05-14 17:26:25,317 DEBUG c.n.p.FlightConfirmationPage [main] driver-ul este initializat
2020-05-14 17:26:26,369 DEBUG c.n.p.FlightConfirmationPage [main] Varificam daca suntem in confimation page si verificam si pretul
2020-05-14 17:26:27,604 DEBUG c.n.p.RegistrationPage [main] driver-ul este initializat
2020-05-14 17:26:28,960 DEBUG c.n.p.RegistrationPage [main] pagina web este deschisa
2020-05-14 17:26:29,426 DEBUG c.n.p.RegistrationPage [main] sunt introduse detaliile user-ului
2020-05-14 17:26:30,054 DEBUG c.n.p.RegistrationPage [main] sunt introduse credentialele user-ului
2020-05-14 17:26:35,464 DEBUG c.n.p.RegistrationPage [main] este apasat butonul Submit
2020-05-14 17:26:35,465 DEBUG c.n.p.RegistrationConfirmationPage [main] driver-ul este initializat
2020-05-14 17:26:36,400 DEBUG c.n.p.RegistrationConfirmationPage [main] este apasat butonul 'Flights
2020-05-14 17:26:36,401 DEBUG c.n.p.FlightsDetailsPage [main] driver-ul este initializat
2020-05-14 17:26:36,671 DEBUG c.n.p.FlightsDetailsPage [main] sunt selectati numarul de pasageri
2020-05-14 17:26:37,461 DEBUG c.n.p.FlightsDetailsPage [main] este apasat butonul FindFlights 
2020-05-14 17:26:37,462 DEBUG c.n.p.FindFlightPage [main] driver-ul este initializat
2020-05-14 17:26:38,678 DEBUG c.n.p.FindFlightPage [main] este apasat butonul Reserve Flight
2020-05-14 17:26:39,653 DEBUG c.n.p.FindFlightPage [main] este apasat butonul BuyFlights
2020-05-14 17:26:39,654 DEBUG c.n.p.FlightConfirmationPage [main] driver-ul este initializat
2020-05-14 17:26:40,798 DEBUG c.n.p.FlightConfirmationPage [main] Varificam daca suntem in confimation page si verificam si pretul
2020-05-14 17:26:53,297 DEBUG c.o.p.ContactUsPage [main] driver-ul este initializat
2020-05-14 17:26:58,258 DEBUG c.o.p.ContactUsPage [main] pagina este deschisa
2020-05-14 17:26:58,826 DEBUG c.o.p.ContactUsPage [main] este apasat butonul ContactUs
2020-05-14 17:26:59,744 DEBUG c.o.p.ContactUsPage [main] aici este selectat motivul din formular
2020-05-14 17:26:59,871 DEBUG c.o.p.ContactUsPage [main] aici este introdusa adresa de email
2020-05-14 17:26:59,977 DEBUG c.o.p.ContactUsPage [main] aici este introdusa ordernumber
2020-05-14 17:27:00,153 DEBUG c.o.p.ContactUsPage [main] aici este introdus mesajul text
2020-05-14 17:27:01,111 DEBUG c.o.p.ContactUsPage [main] aici este apasat pe butonul Send
2020-05-14 17:27:01,169 DEBUG c.o.p.ContactUsPage [main] aici este verificat daca formularul a fost trimis cu succes
2020-05-14 17:27:01,172 DEBUG c.o.p.OrderProducts [main] driver-ul este initializat
2020-05-14 17:27:07,311 DEBUG c.o.p.OrderProducts [main] suntem logati in aplicatie
2020-05-14 17:27:10,655 DEBUG c.o.p.OrderProducts [main] am deschis cosul
2020-05-14 17:27:11,801 DEBUG c.o.p.OrderProducts [main] am deschis checkout-ul
2020-05-14 17:27:12,837 DEBUG c.o.p.OrderProducts [main] am trecut de adresa
2020-05-14 17:27:14,107 DEBUG c.o.p.OrderProducts [main] am acceptat termenii si conditiile si am inaintat catre plata
2020-05-14 17:27:17,511 DEBUG c.o.p.OrderProducts [main] comanda este plasata
2020-05-14 17:27:17,625 DEBUG c.o.p.OrderProducts [main] verificarea efectuata cu success
2020-05-14 17:27:18,886 DEBUG c.s.p.SearchPage [main] driver-ul este initializat
2020-05-14 17:27:23,734 DEBUG c.s.p.SearchPage [main] pagina google este deschisa
2020-05-14 17:27:25,564 DEBUG c.s.p.SearchPage [main] butonul 'video' este apasat
2020-05-14 17:27:25,622 DEBUG c.s.p.SearchPage [main] este afisat numarul total de clipuri diponibile pe pagina
2020-05-14 17:27:26,933 DEBUG c.s.p.SearchPage [main] driver-ul este initializat
2020-05-14 17:27:33,411 DEBUG c.s.p.SearchPage [main] pagina google este deschisa
2020-05-14 17:27:35,364 DEBUG c.s.p.SearchPage [main] butonul 'video' este apasat
2020-05-14 17:27:35,417 DEBUG c.s.p.SearchPage [main] este afisat numarul total de clipuri diponibile pe pagina
2020-05-14 17:27:51,653 DEBUG c.s.p.SearchPage [main] driver-ul este initializat
2020-05-14 17:27:55,428 DEBUG c.s.p.SearchPage [main] pagina google este deschisa
2020-05-14 17:27:56,891 DEBUG c.s.p.SearchPage [main] butonul 'video' este apasat
2020-05-14 17:27:56,935 DEBUG c.s.p.SearchPage [main] este afisat numarul total de clipuri diponibile pe pagina
2020-05-14 17:28:30,892 DEBUG c.n.p.RegistrationPage [main] driver-ul este initializat
2020-05-14 17:28:32,122 DEBUG c.n.p.RegistrationPage [main] pagina web este deschisa
2020-05-14 17:28:32,356 DEBUG c.n.p.RegistrationPage [main] sunt introduse detaliile user-ului
2020-05-14 17:28:32,699 DEBUG c.n.p.RegistrationPage [main] sunt introduse credentialele user-ului
2020-05-14 17:28:34,066 DEBUG c.n.p.RegistrationPage [main] este apasat butonul Submit
2020-05-14 17:28:34,070 DEBUG c.n.p.RegistrationConfirmationPage [main] driver-ul este initializat
2020-05-14 17:28:35,263 DEBUG c.n.p.RegistrationConfirmationPage [main] este apasat butonul 'Flights
2020-05-14 17:28:35,266 DEBUG c.n.p.FlightsDetailsPage [main] driver-ul este initializat
2020-05-14 17:28:35,536 DEBUG c.n.p.FlightsDetailsPage [main] sunt selectati numarul de pasageri
2020-05-14 17:28:36,369 DEBUG c.n.p.FlightsDetailsPage [main] este apasat butonul FindFlights 
2020-05-14 17:28:36,373 DEBUG c.n.p.FindFlightPage [main] driver-ul este initializat
2020-05-14 17:28:37,505 DEBUG c.n.p.FindFlightPage [main] este apasat butonul Reserve Flight
2020-05-14 17:28:38,457 DEBUG c.n.p.FindFlightPage [main] este apasat butonul BuyFlights
2020-05-14 17:28:38,462 DEBUG c.n.p.FlightConfirmationPage [main] driver-ul este initializat
2020-05-14 17:28:39,496 DEBUG c.n.p.FlightConfirmationPage [main] Varificam daca suntem in confimation page si verificam si pretul
2020-05-14 17:28:40,571 DEBUG c.n.p.RegistrationPage [main] driver-ul este initializat
2020-05-14 17:28:41,922 DEBUG c.n.p.RegistrationPage [main] pagina web este deschisa
2020-05-14 17:28:42,268 DEBUG c.n.p.RegistrationPage [main] sunt introduse detaliile user-ului
2020-05-14 17:28:42,852 DEBUG c.n.p.RegistrationPage [main] sunt introduse credentialele user-ului
2020-05-14 17:28:44,303 DEBUG c.n.p.RegistrationPage [main] este apasat butonul Submit
2020-05-14 17:28:44,304 DEBUG c.n.p.RegistrationConfirmationPage [main] driver-ul este initializat
2020-05-14 17:28:45,257 DEBUG c.n.p.RegistrationConfirmationPage [main] este apasat butonul 'Flights
2020-05-14 17:28:45,258 DEBUG c.n.p.FlightsDetailsPage [main] driver-ul este initializat
2020-05-14 17:28:45,567 DEBUG c.n.p.FlightsDetailsPage [main] sunt selectati numarul de pasageri
2020-05-14 17:28:46,274 DEBUG c.n.p.FlightsDetailsPage [main] este apasat butonul FindFlights 
2020-05-14 17:28:46,275 DEBUG c.n.p.FindFlightPage [main] driver-ul este initializat
2020-05-14 17:28:47,476 DEBUG c.n.p.FindFlightPage [main] este apasat butonul Reserve Flight
2020-05-14 17:28:48,479 DEBUG c.n.p.FindFlightPage [main] este apasat butonul BuyFlights
2020-05-14 17:28:48,481 DEBUG c.n.p.FlightConfirmationPage [main] driver-ul este initializat
2020-05-14 17:28:49,668 DEBUG c.n.p.FlightConfirmationPage [main] Varificam daca suntem in confimation page si verificam si pretul
2020-05-14 17:29:06,688 DEBUG c.o.p.ContactUsPage [main] driver-ul este initializat
2020-05-14 17:29:11,203 DEBUG c.o.p.ContactUsPage [main] pagina este deschisa
2020-05-14 17:29:11,941 DEBUG c.o.p.ContactUsPage [main] este apasat butonul ContactUs
2020-05-14 17:29:12,883 DEBUG c.o.p.ContactUsPage [main] aici este selectat motivul din formular
2020-05-14 17:29:13,024 DEBUG c.o.p.ContactUsPage [main] aici este introdusa adresa de email
2020-05-14 17:29:13,134 DEBUG c.o.p.ContactUsPage [main] aici este introdusa ordernumber
2020-05-14 17:29:13,287 DEBUG c.o.p.ContactUsPage [main] aici este introdus mesajul text
2020-05-14 17:29:15,556 DEBUG c.o.p.ContactUsPage [main] aici este apasat pe butonul Send
2020-05-14 17:29:15,610 DEBUG c.o.p.ContactUsPage [main] aici este verificat daca formularul a fost trimis cu succes
2020-05-14 17:29:15,614 DEBUG c.o.p.OrderProducts [main] driver-ul este initializat
2020-05-14 17:29:25,317 DEBUG c.o.p.OrderProducts [main] suntem logati in aplicatie
2020-05-14 17:29:30,064 DEBUG c.o.p.OrderProducts [main] am deschis cosul
2020-05-14 17:29:33,018 DEBUG c.o.p.OrderProducts [main] am deschis checkout-ul
2020-05-14 17:29:37,311 DEBUG c.o.p.OrderProducts [main] am trecut de adresa
2020-05-14 17:29:38,970 DEBUG c.o.p.OrderProducts [main] am acceptat termenii si conditiile si am inaintat catre plata
2020-05-14 17:29:44,163 DEBUG c.o.p.OrderProducts [main] comanda este plasata
2020-05-14 17:29:44,261 DEBUG c.o.p.OrderProducts [main] verificarea efectuata cu success
2020-05-14 17:29:45,256 DEBUG c.s.p.SearchPage [main] driver-ul este initializat
2020-05-14 17:29:50,132 DEBUG c.s.p.SearchPage [main] pagina google este deschisa
2020-05-14 17:29:52,018 DEBUG c.s.p.SearchPage [main] butonul 'video' este apasat
2020-05-14 17:29:52,132 DEBUG c.s.p.SearchPage [main] este afisat numarul total de clipuri diponibile pe pagina
2020-05-14 17:30:08,344 DEBUG c.s.p.SearchPage [main] driver-ul este initializat
2020-05-14 17:30:11,916 DEBUG c.s.p.SearchPage [main] pagina google este deschisa
2020-05-14 17:30:13,335 DEBUG c.s.p.SearchPage [main] butonul 'video' este apasat
2020-05-14 17:30:13,384 DEBUG c.s.p.SearchPage [main] este afisat numarul total de clipuri diponibile pe pagina
2020-05-14 17:30:21,147 DEBUG c.s.p.SearchPage [main] driver-ul este initializat
2020-05-14 17:30:25,139 DEBUG c.s.p.SearchPage [main] pagina google este deschisa
2020-05-14 17:30:26,728 DEBUG c.s.p.SearchPage [main] butonul 'video' este apasat
2020-05-14 17:30:26,875 DEBUG c.s.p.SearchPage [main] este afisat numarul total de clipuri diponibile pe pagina
2020-05-14 17:59:49,051 DEBUG c.s.p.SearchPage [TestNG-tests-2] driver-ul este initializat
2020-05-14 17:59:49,051 DEBUG c.s.p.SearchPage [TestNG-tests-1] driver-ul este initializat
2020-05-14 17:59:56,233 DEBUG c.s.p.SearchPage [TestNG-tests-2] pagina google este deschisa
2020-05-14 17:59:56,293 DEBUG c.s.p.SearchPage [TestNG-tests-1] pagina google este deschisa
2020-05-14 17:59:57,442 DEBUG c.s.p.SearchPage [TestNG-tests-2] butonul 'video' este apasat
2020-05-14 17:59:57,611 DEBUG c.s.p.SearchPage [TestNG-tests-2] este afisat numarul total de clipuri diponibile pe pagina
2020-05-14 17:59:58,566 DEBUG c.s.p.SearchPage [TestNG-tests-1] butonul 'video' este apasat
2020-05-14 17:59:58,622 DEBUG c.s.p.SearchPage [TestNG-tests-1] este afisat numarul total de clipuri diponibile pe pagina
2020-05-14 18:00:07,146 DEBUG c.s.p.SearchPage [TestNG-tests-3] driver-ul este initializat
2020-05-14 18:00:11,051 DEBUG c.s.p.SearchPage [TestNG-tests-3] pagina google este deschisa
2020-05-14 18:00:13,659 DEBUG c.s.p.SearchPage [TestNG-tests-3] butonul 'video' este apasat
2020-05-14 18:00:13,778 DEBUG c.s.p.SearchPage [TestNG-tests-3] este afisat numarul total de clipuri diponibile pe pagina
2020-05-14 18:07:12,006 DEBUG c.n.p.RegistrationPage [main] driver-ul este initializat
2020-05-14 18:07:13,239 DEBUG c.n.p.RegistrationPage [main] pagina web este deschisa
2020-05-14 18:07:13,457 DEBUG c.n.p.RegistrationPage [main] sunt introduse detaliile user-ului
2020-05-14 18:07:13,798 DEBUG c.n.p.RegistrationPage [main] sunt introduse credentialele user-ului
2020-05-14 18:07:39,399 DEBUG c.n.p.RegistrationPage [main] este apasat butonul Submit
2020-05-14 18:07:39,475 DEBUG c.n.p.RegistrationConfirmationPage [main] driver-ul este initializat
2020-05-14 18:07:40,369 DEBUG c.n.p.RegistrationConfirmationPage [main] este apasat butonul 'Flights
2020-05-14 18:07:40,376 DEBUG c.n.p.FlightsDetailsPage [main] driver-ul este initializat
2020-05-14 18:07:40,660 DEBUG c.n.p.FlightsDetailsPage [main] sunt selectati numarul de pasageri
2020-05-14 18:07:41,290 DEBUG c.n.p.FlightsDetailsPage [main] este apasat butonul FindFlights 
2020-05-14 18:07:41,296 DEBUG c.n.p.FindFlightPage [main] driver-ul este initializat
2020-05-14 18:07:42,429 DEBUG c.n.p.FindFlightPage [main] este apasat butonul Reserve Flight
2020-05-14 18:07:43,391 DEBUG c.n.p.FindFlightPage [main] este apasat butonul BuyFlights
2020-05-14 18:07:43,404 DEBUG c.n.p.FlightConfirmationPage [main] driver-ul este initializat
2020-05-14 18:07:44,442 DEBUG c.n.p.FlightConfirmationPage [main] Varificam daca suntem in confimation page si verificam si pretul
2020-05-14 18:07:45,482 DEBUG c.n.p.RegistrationPage [main] driver-ul este initializat
2020-05-14 18:07:47,017 DEBUG c.n.p.RegistrationPage [main] pagina web este deschisa
2020-05-14 18:07:47,430 DEBUG c.n.p.RegistrationPage [main] sunt introduse detaliile user-ului
2020-05-14 18:07:48,096 DEBUG c.n.p.RegistrationPage [main] sunt introduse credentialele user-ului
2020-05-14 18:08:14,294 DEBUG c.n.p.RegistrationPage [main] este apasat butonul Submit
2020-05-14 18:08:14,298 DEBUG c.n.p.RegistrationConfirmationPage [main] driver-ul este initializat
2020-05-14 18:08:15,244 DEBUG c.n.p.RegistrationConfirmationPage [main] este apasat butonul 'Flights
2020-05-14 18:08:15,251 DEBUG c.n.p.FlightsDetailsPage [main] driver-ul este initializat
2020-05-14 18:08:15,513 DEBUG c.n.p.FlightsDetailsPage [main] sunt selectati numarul de pasageri
2020-05-14 18:08:16,164 DEBUG c.n.p.FlightsDetailsPage [main] este apasat butonul FindFlights 
2020-05-14 18:08:16,168 DEBUG c.n.p.FindFlightPage [main] driver-ul este initializat
2020-05-14 18:08:17,324 DEBUG c.n.p.FindFlightPage [main] este apasat butonul Reserve Flight
2020-05-14 18:08:18,320 DEBUG c.n.p.FindFlightPage [main] este apasat butonul BuyFlights
2020-05-14 18:08:18,325 DEBUG c.n.p.FlightConfirmationPage [main] driver-ul este initializat
2020-05-14 18:08:19,427 DEBUG c.n.p.FlightConfirmationPage [main] Varificam daca suntem in confimation page si verificam si pretul
2020-05-14 18:08:20,794 DEBUG c.o.p.ContactUsPage [main] driver-ul este initializat
2020-05-14 18:08:26,069 DEBUG c.o.p.ContactUsPage [main] pagina este deschisa
2020-05-14 18:08:26,893 DEBUG c.o.p.ContactUsPage [main] este apasat butonul ContactUs
2020-05-14 18:08:27,936 DEBUG c.o.p.ContactUsPage [main] aici este selectat motivul din formular
2020-05-14 18:08:28,092 DEBUG c.o.p.ContactUsPage [main] aici este introdusa adresa de email
2020-05-14 18:08:28,209 DEBUG c.o.p.ContactUsPage [main] aici este introdusa ordernumber
2020-05-14 18:08:28,420 DEBUG c.o.p.ContactUsPage [main] aici este introdus mesajul text
2020-05-14 18:08:29,416 DEBUG c.o.p.ContactUsPage [main] aici este apasat pe butonul Send
2020-05-14 18:08:29,510 DEBUG c.o.p.ContactUsPage [main] aici este verificat daca formularul a fost trimis cu succes
2020-05-14 18:08:29,516 DEBUG c.o.p.OrderProducts [main] driver-ul este initializat
2020-05-14 18:08:37,444 DEBUG c.o.p.OrderProducts [main] suntem logati in aplicatie
2020-05-14 18:08:41,749 DEBUG c.o.p.OrderProducts [main] am deschis cosul
2020-05-14 18:08:43,214 DEBUG c.o.p.OrderProducts [main] am deschis checkout-ul
2020-05-14 18:08:44,562 DEBUG c.o.p.OrderProducts [main] am trecut de adresa
2020-05-14 18:08:46,058 DEBUG c.o.p.OrderProducts [main] am acceptat termenii si conditiile si am inaintat catre plata
2020-05-14 18:08:51,318 DEBUG c.o.p.OrderProducts [main] comanda este plasata
2020-05-14 18:08:51,408 DEBUG c.o.p.OrderProducts [main] verificarea efectuata cu success
2020-05-14 18:08:52,445 DEBUG c.s.p.SearchPage [main] driver-ul este initializat
2020-05-14 18:08:59,661 DEBUG c.s.p.SearchPage [main] pagina google este deschisa
2020-05-14 18:09:01,731 DEBUG c.s.p.SearchPage [main] butonul 'video' este apasat
2020-05-14 18:09:01,851 DEBUG c.s.p.SearchPage [main] este afisat numarul total de clipuri diponibile pe pagina
2020-05-14 18:09:17,589 DEBUG c.s.p.SearchPage [main] driver-ul este initializat
2020-05-14 18:09:21,709 DEBUG c.s.p.SearchPage [main] pagina google este deschisa
2020-05-14 18:09:23,165 DEBUG c.s.p.SearchPage [main] butonul 'video' este apasat
2020-05-14 18:09:23,205 DEBUG c.s.p.SearchPage [main] este afisat numarul total de clipuri diponibile pe pagina
2020-05-14 18:09:29,743 DEBUG c.s.p.SearchPage [main] driver-ul este initializat
2020-05-14 18:09:33,936 DEBUG c.s.p.SearchPage [main] pagina google este deschisa
2020-05-14 18:09:35,518 DEBUG c.s.p.SearchPage [main] butonul 'video' este apasat
2020-05-14 18:09:35,566 DEBUG c.s.p.SearchPage [main] este afisat numarul total de clipuri diponibile pe pagina
2020-05-14 19:28:34,274 DEBUG c.n.p.RegistrationPage [main] driver-ul este initializat
2020-05-14 19:28:35,530 DEBUG c.n.p.RegistrationPage [main] pagina web este deschisa
2020-05-14 19:28:35,748 DEBUG c.n.p.RegistrationPage [main] sunt introduse detaliile user-ului
2020-05-14 19:28:36,120 DEBUG c.n.p.RegistrationPage [main] sunt introduse credentialele user-ului
2020-05-14 19:28:37,529 DEBUG c.n.p.RegistrationPage [main] este apasat butonul Submit
2020-05-14 19:28:37,618 DEBUG c.n.p.RegistrationConfirmationPage [main] driver-ul este initializat
2020-05-14 19:28:38,534 DEBUG c.n.p.RegistrationConfirmationPage [main] este apasat butonul 'Flights
2020-05-14 19:28:38,541 DEBUG c.n.p.FlightsDetailsPage [main] driver-ul este initializat
2020-05-14 19:28:38,827 DEBUG c.n.p.FlightsDetailsPage [main] sunt selectati numarul de pasageri
2020-05-14 19:28:39,487 DEBUG c.n.p.FlightsDetailsPage [main] este apasat butonul FindFlights 
2020-05-14 19:28:39,494 DEBUG c.n.p.FindFlightPage [main] driver-ul este initializat
2020-05-14 19:28:40,711 DEBUG c.n.p.FindFlightPage [main] este apasat butonul Reserve Flight
2020-05-14 19:28:41,679 DEBUG c.n.p.FindFlightPage [main] este apasat butonul BuyFlights
2020-05-14 19:28:41,687 DEBUG c.n.p.FlightConfirmationPage [main] driver-ul este initializat
2020-05-14 19:28:42,793 DEBUG c.n.p.FlightConfirmationPage [main] Varificam daca suntem in confimation page si verificam si pretul
2020-05-14 19:28:43,883 DEBUG c.n.p.RegistrationPage [main] driver-ul este initializat
2020-05-14 19:28:45,249 DEBUG c.n.p.RegistrationPage [main] pagina web este deschisa
2020-05-14 19:28:45,680 DEBUG c.n.p.RegistrationPage [main] sunt introduse detaliile user-ului
2020-05-14 19:28:46,307 DEBUG c.n.p.RegistrationPage [main] sunt introduse credentialele user-ului
2020-05-14 19:28:47,731 DEBUG c.n.p.RegistrationPage [main] este apasat butonul Submit
2020-05-14 19:28:47,736 DEBUG c.n.p.RegistrationConfirmationPage [main] driver-ul este initializat
2020-05-14 19:28:48,692 DEBUG c.n.p.RegistrationConfirmationPage [main] este apasat butonul 'Flights
2020-05-14 19:28:48,698 DEBUG c.n.p.FlightsDetailsPage [main] driver-ul este initializat
2020-05-14 19:28:48,958 DEBUG c.n.p.FlightsDetailsPage [main] sunt selectati numarul de pasageri
2020-05-14 19:28:49,621 DEBUG c.n.p.FlightsDetailsPage [main] este apasat butonul FindFlights 
2020-05-14 19:28:49,626 DEBUG c.n.p.FindFlightPage [main] driver-ul este initializat
2020-05-14 19:28:51,026 DEBUG c.n.p.FindFlightPage [main] este apasat butonul Reserve Flight
2020-05-14 19:28:52,036 DEBUG c.n.p.FindFlightPage [main] este apasat butonul BuyFlights
2020-05-14 19:28:52,040 DEBUG c.n.p.FlightConfirmationPage [main] driver-ul este initializat
2020-05-14 19:28:53,181 DEBUG c.n.p.FlightConfirmationPage [main] Varificam daca suntem in confimation page si verificam si pretul
2020-05-14 19:29:09,243 DEBUG c.o.p.ContactUsPage [main] driver-ul este initializat
2020-05-14 19:29:17,204 DEBUG c.o.p.ContactUsPage [main] pagina este deschisa
2020-05-14 19:29:18,357 DEBUG c.o.p.ContactUsPage [main] este apasat butonul ContactUs
2020-05-14 19:29:19,615 DEBUG c.o.p.ContactUsPage [main] aici este selectat motivul din formular
2020-05-14 19:29:19,918 DEBUG c.o.p.ContactUsPage [main] aici este introdusa adresa de email
2020-05-14 19:29:20,227 DEBUG c.o.p.ContactUsPage [main] aici este introdusa ordernumber
2020-05-14 19:29:20,551 DEBUG c.o.p.ContactUsPage [main] aici este introdus mesajul text
2020-05-14 19:29:21,411 DEBUG c.o.p.ContactUsPage [main] aici este apasat pe butonul Send
2020-05-14 19:29:21,461 DEBUG c.o.p.ContactUsPage [main] aici este verificat daca formularul a fost trimis cu succes
2020-05-14 19:29:21,467 DEBUG c.o.p.OrderProducts [main] driver-ul este initializat
2020-05-14 19:29:28,103 DEBUG c.o.p.OrderProducts [main] suntem logati in aplicatie
2020-05-14 19:29:31,087 DEBUG c.o.p.OrderProducts [main] am deschis cosul
2020-05-14 19:29:32,600 DEBUG c.o.p.OrderProducts [main] am deschis checkout-ul
2020-05-14 19:29:33,799 DEBUG c.o.p.OrderProducts [main] am trecut de adresa
2020-05-14 19:29:34,925 DEBUG c.o.p.OrderProducts [main] am acceptat termenii si conditiile si am inaintat catre plata
2020-05-14 19:29:37,647 DEBUG c.o.p.OrderProducts [main] comanda este plasata
2020-05-14 19:29:37,742 DEBUG c.o.p.OrderProducts [main] verificarea efectuata cu success
2020-05-14 19:29:39,052 DEBUG c.s.p.SearchPage [main] driver-ul este initializat
2020-05-14 19:29:44,083 DEBUG c.s.p.SearchPage [main] pagina google este deschisa
2020-05-14 19:29:45,895 DEBUG c.s.p.SearchPage [main] butonul 'video' este apasat
2020-05-14 19:29:45,959 DEBUG c.s.p.SearchPage [main] este afisat numarul total de clipuri diponibile pe pagina
2020-05-14 19:29:47,402 DEBUG c.s.p.SearchPage [main] driver-ul este initializat
2020-05-14 19:29:51,924 DEBUG c.s.p.SearchPage [main] pagina google este deschisa
2020-05-14 19:29:53,391 DEBUG c.s.p.SearchPage [main] butonul 'video' este apasat
2020-05-14 19:29:53,550 DEBUG c.s.p.SearchPage [main] este afisat numarul total de clipuri diponibile pe pagina
2020-05-14 19:30:09,744 DEBUG c.s.p.SearchPage [main] driver-ul este initializat
2020-05-14 19:30:14,376 DEBUG c.s.p.SearchPage [main] pagina google este deschisa
2020-05-14 19:30:15,984 DEBUG c.s.p.SearchPage [main] butonul 'video' este apasat
2020-05-14 19:30:16,026 DEBUG c.s.p.SearchPage [main] este afisat numarul total de clipuri diponibile pe pagina
2020-05-14 19:32:06,755 DEBUG c.n.p.RegistrationPage [main] driver-ul este initializat
2020-05-14 19:32:07,987 DEBUG c.n.p.RegistrationPage [main] pagina web este deschisa
2020-05-14 19:32:08,186 DEBUG c.n.p.RegistrationPage [main] sunt introduse detaliile user-ului
2020-05-14 19:32:08,510 DEBUG c.n.p.RegistrationPage [main] sunt introduse credentialele user-ului
2020-05-14 19:32:12,241 DEBUG c.n.p.RegistrationPage [main] este apasat butonul Submit
2020-05-14 19:32:12,334 DEBUG c.n.p.RegistrationConfirmationPage [main] driver-ul este initializat
2020-05-14 19:32:13,267 DEBUG c.n.p.RegistrationConfirmationPage [main] este apasat butonul 'Flights
2020-05-14 19:32:13,279 DEBUG c.n.p.FlightsDetailsPage [main] driver-ul este initializat
2020-05-14 19:32:13,534 DEBUG c.n.p.FlightsDetailsPage [main] sunt selectati numarul de pasageri
2020-05-14 19:32:14,163 DEBUG c.n.p.FlightsDetailsPage [main] este apasat butonul FindFlights 
2020-05-14 19:32:14,169 DEBUG c.n.p.FindFlightPage [main] driver-ul este initializat
2020-05-14 19:32:15,288 DEBUG c.n.p.FindFlightPage [main] este apasat butonul Reserve Flight
2020-05-14 19:32:16,228 DEBUG c.n.p.FindFlightPage [main] este apasat butonul BuyFlights
2020-05-14 19:32:16,236 DEBUG c.n.p.FlightConfirmationPage [main] driver-ul este initializat
2020-05-14 19:32:17,311 DEBUG c.n.p.FlightConfirmationPage [main] Varificam daca suntem in confimation page si verificam si pretul
2020-05-14 19:32:18,298 DEBUG c.n.p.RegistrationPage [main] driver-ul este initializat
2020-05-14 19:32:19,594 DEBUG c.n.p.RegistrationPage [main] pagina web este deschisa
2020-05-14 19:32:19,943 DEBUG c.n.p.RegistrationPage [main] sunt introduse detaliile user-ului
2020-05-14 19:32:20,498 DEBUG c.n.p.RegistrationPage [main] sunt introduse credentialele user-ului
2020-05-14 19:32:26,109 DEBUG c.n.p.RegistrationPage [main] este apasat butonul Submit
2020-05-14 19:32:26,114 DEBUG c.n.p.RegistrationConfirmationPage [main] driver-ul este initializat
2020-05-14 19:32:27,026 DEBUG c.n.p.RegistrationConfirmationPage [main] este apasat butonul 'Flights
2020-05-14 19:32:27,031 DEBUG c.n.p.FlightsDetailsPage [main] driver-ul este initializat
2020-05-14 19:32:27,379 DEBUG c.n.p.FlightsDetailsPage [main] sunt selectati numarul de pasageri
2020-05-14 19:32:28,069 DEBUG c.n.p.FlightsDetailsPage [main] este apasat butonul FindFlights 
2020-05-14 19:32:28,077 DEBUG c.n.p.FindFlightPage [main] driver-ul este initializat
2020-05-14 19:32:29,369 DEBUG c.n.p.FindFlightPage [main] este apasat butonul Reserve Flight
2020-05-14 19:32:30,325 DEBUG c.n.p.FindFlightPage [main] este apasat butonul BuyFlights
2020-05-14 19:32:30,329 DEBUG c.n.p.FlightConfirmationPage [main] driver-ul este initializat
2020-05-14 19:32:31,354 DEBUG c.n.p.FlightConfirmationPage [main] Varificam daca suntem in confimation page si verificam si pretul
2020-05-14 19:32:42,372 DEBUG c.o.p.ContactUsPage [main] driver-ul este initializat
2020-05-14 19:32:47,317 DEBUG c.o.p.ContactUsPage [main] pagina este deschisa
2020-05-14 19:32:48,833 DEBUG c.o.p.ContactUsPage [main] este apasat butonul ContactUs
2020-05-14 19:32:49,209 DEBUG c.o.p.ContactUsPage [main] aici este selectat motivul din formular
2020-05-14 19:32:49,344 DEBUG c.o.p.ContactUsPage [main] aici este introdusa adresa de email
2020-05-14 19:32:49,454 DEBUG c.o.p.ContactUsPage [main] aici este introdusa ordernumber
2020-05-14 19:32:49,628 DEBUG c.o.p.ContactUsPage [main] aici este introdus mesajul text
2020-05-14 19:32:50,544 DEBUG c.o.p.ContactUsPage [main] aici este apasat pe butonul Send
2020-05-14 19:32:50,599 DEBUG c.o.p.ContactUsPage [main] aici este verificat daca formularul a fost trimis cu succes
2020-05-14 19:32:50,606 DEBUG c.o.p.OrderProducts [main] driver-ul este initializat
2020-05-14 19:32:57,015 DEBUG c.o.p.OrderProducts [main] suntem logati in aplicatie
2020-05-14 19:32:59,989 DEBUG c.o.p.OrderProducts [main] am deschis cosul
2020-05-14 19:33:01,085 DEBUG c.o.p.OrderProducts [main] am deschis checkout-ul
2020-05-14 19:33:02,094 DEBUG c.o.p.OrderProducts [main] am trecut de adresa
2020-05-14 19:33:03,707 DEBUG c.o.p.OrderProducts [main] am acceptat termenii si conditiile si am inaintat catre plata
2020-05-14 19:33:11,508 DEBUG c.o.p.OrderProducts [main] comanda este plasata
2020-05-14 19:33:11,632 DEBUG c.o.p.OrderProducts [main] verificarea efectuata cu success
2020-05-14 19:33:12,581 DEBUG c.s.p.SearchPage [main] driver-ul este initializat
2020-05-14 19:33:17,110 DEBUG c.s.p.SearchPage [main] pagina google este deschisa
2020-05-14 19:33:19,209 DEBUG c.s.p.SearchPage [main] butonul 'video' este apasat
2020-05-14 19:33:19,302 DEBUG c.s.p.SearchPage [main] este afisat numarul total de clipuri diponibile pe pagina
2020-05-14 19:33:34,582 DEBUG c.s.p.SearchPage [main] driver-ul este initializat
2020-05-14 19:33:38,309 DEBUG c.s.p.SearchPage [main] pagina google este deschisa
2020-05-14 19:33:39,779 DEBUG c.s.p.SearchPage [main] butonul 'video' este apasat
2020-05-14 19:33:39,821 DEBUG c.s.p.SearchPage [main] este afisat numarul total de clipuri diponibile pe pagina
2020-05-14 19:33:46,135 DEBUG c.s.p.SearchPage [main] driver-ul este initializat
2020-05-14 19:33:50,233 DEBUG c.s.p.SearchPage [main] pagina google este deschisa
2020-05-14 19:33:51,719 DEBUG c.s.p.SearchPage [main] butonul 'video' este apasat
2020-05-14 19:33:51,786 DEBUG c.s.p.SearchPage [main] este afisat numarul total de clipuri diponibile pe pagina
2020-05-14 19:51:17,061 DEBUG c.n.p.RegistrationPage [main] driver-ul este initializat
2020-05-14 19:51:18,282 DEBUG c.n.p.RegistrationPage [main] pagina web este deschisa
2020-05-14 19:51:18,499 DEBUG c.n.p.RegistrationPage [main] sunt introduse detaliile user-ului
2020-05-14 19:51:18,867 DEBUG c.n.p.RegistrationPage [main] sunt introduse credentialele user-ului
2020-05-14 19:51:22,016 DEBUG c.n.p.RegistrationPage [main] este apasat butonul Submit
2020-05-14 19:51:22,098 DEBUG c.n.p.RegistrationConfirmationPage [main] driver-ul este initializat
2020-05-14 19:51:22,998 DEBUG c.n.p.RegistrationConfirmationPage [main] este apasat butonul 'Flights
2020-05-14 19:51:23,005 DEBUG c.n.p.FlightsDetailsPage [main] driver-ul este initializat
2020-05-14 19:51:23,283 DEBUG c.n.p.FlightsDetailsPage [main] sunt selectati numarul de pasageri
2020-05-14 19:51:23,942 DEBUG c.n.p.FlightsDetailsPage [main] este apasat butonul FindFlights 
2020-05-14 19:51:23,949 DEBUG c.n.p.FindFlightPage [main] driver-ul este initializat
2020-05-14 19:51:25,072 DEBUG c.n.p.FindFlightPage [main] este apasat butonul Reserve Flight
2020-05-14 19:51:26,033 DEBUG c.n.p.FindFlightPage [main] este apasat butonul BuyFlights
2020-05-14 19:51:26,042 DEBUG c.n.p.FlightConfirmationPage [main] driver-ul este initializat
2020-05-14 19:51:27,111 DEBUG c.n.p.FlightConfirmationPage [main] Varificam daca suntem in confimation page si verificam si pretul
2020-05-14 19:51:28,239 DEBUG c.n.p.RegistrationPage [main] driver-ul este initializat
2020-05-14 19:51:29,462 DEBUG c.n.p.RegistrationPage [main] pagina web este deschisa
2020-05-14 19:51:29,805 DEBUG c.n.p.RegistrationPage [main] sunt introduse detaliile user-ului
2020-05-14 19:51:30,241 DEBUG c.n.p.RegistrationPage [main] sunt introduse credentialele user-ului
2020-05-14 19:51:35,681 DEBUG c.n.p.RegistrationPage [main] este apasat butonul Submit
2020-05-14 19:51:35,686 DEBUG c.n.p.RegistrationConfirmationPage [main] driver-ul este initializat
2020-05-14 19:51:36,677 DEBUG c.n.p.RegistrationConfirmationPage [main] este apasat butonul 'Flights
2020-05-14 19:51:36,686 DEBUG c.n.p.FlightsDetailsPage [main] driver-ul este initializat
2020-05-14 19:51:36,944 DEBUG c.n.p.FlightsDetailsPage [main] sunt selectati numarul de pasageri
2020-05-14 19:51:37,575 DEBUG c.n.p.FlightsDetailsPage [main] este apasat butonul FindFlights 
2020-05-14 19:51:37,579 DEBUG c.n.p.FindFlightPage [main] driver-ul este initializat
2020-05-14 19:51:38,807 DEBUG c.n.p.FindFlightPage [main] este apasat butonul Reserve Flight
2020-05-14 19:51:40,106 DEBUG c.n.p.FindFlightPage [main] este apasat butonul BuyFlights
2020-05-14 19:51:40,110 DEBUG c.n.p.FlightConfirmationPage [main] driver-ul este initializat
2020-05-14 19:51:41,140 DEBUG c.n.p.FlightConfirmationPage [main] Varificam daca suntem in confimation page si verificam si pretul
2020-05-14 19:51:54,417 DEBUG c.o.p.ContactUsPage [main] driver-ul este initializat
2020-05-14 19:51:59,042 DEBUG c.o.p.ContactUsPage [main] pagina este deschisa
2020-05-14 19:51:59,675 DEBUG c.o.p.ContactUsPage [main] este apasat butonul ContactUs
2020-05-14 19:52:00,597 DEBUG c.o.p.ContactUsPage [main] aici este selectat motivul din formular
2020-05-14 19:52:00,731 DEBUG c.o.p.ContactUsPage [main] aici este introdusa adresa de email
2020-05-14 19:52:00,842 DEBUG c.o.p.ContactUsPage [main] aici este introdusa ordernumber
2020-05-14 19:52:01,004 DEBUG c.o.p.ContactUsPage [main] aici este introdus mesajul text
2020-05-14 19:52:01,904 DEBUG c.o.p.ContactUsPage [main] aici este apasat pe butonul Send
2020-05-14 19:52:01,955 DEBUG c.o.p.ContactUsPage [main] aici este verificat daca formularul a fost trimis cu succes
2020-05-14 19:52:01,961 DEBUG c.o.p.OrderProducts [main] driver-ul este initializat
2020-05-14 19:52:09,897 DEBUG c.o.p.OrderProducts [main] suntem logati in aplicatie
2020-05-14 19:52:16,877 DEBUG c.o.p.OrderProducts [main] am deschis cosul
2020-05-14 19:52:19,681 DEBUG c.o.p.OrderProducts [main] am deschis checkout-ul
2020-05-14 19:52:22,926 DEBUG c.o.p.OrderProducts [main] am trecut de adresa
2020-05-14 19:52:24,069 DEBUG c.o.p.OrderProducts [main] am acceptat termenii si conditiile si am inaintat catre plata
2020-05-14 19:52:27,071 DEBUG c.o.p.OrderProducts [main] comanda este plasata
2020-05-14 19:52:27,179 DEBUG c.o.p.OrderProducts [main] verificarea efectuata cu success
2020-05-14 19:52:28,229 DEBUG c.s.p.SearchPage [main] driver-ul este initializat
2020-05-14 19:52:33,162 DEBUG c.s.p.SearchPage [main] pagina google este deschisa
2020-05-14 19:52:35,047 DEBUG c.s.p.SearchPage [main] butonul 'video' este apasat
2020-05-14 19:52:35,146 DEBUG c.s.p.SearchPage [main] este afisat numarul total de clipuri diponibile pe pagina
2020-05-14 19:52:50,461 DEBUG c.s.p.SearchPage [main] driver-ul este initializat
2020-05-14 19:52:54,203 DEBUG c.s.p.SearchPage [main] pagina google este deschisa
2020-05-14 19:52:55,718 DEBUG c.s.p.SearchPage [main] butonul 'video' este apasat
2020-05-14 19:52:55,781 DEBUG c.s.p.SearchPage [main] este afisat numarul total de clipuri diponibile pe pagina
2020-05-14 19:53:01,324 DEBUG c.s.p.SearchPage [main] driver-ul este initializat
2020-05-14 19:53:05,036 DEBUG c.s.p.SearchPage [main] pagina google este deschisa
2020-05-14 19:53:06,637 DEBUG c.s.p.SearchPage [main] butonul 'video' este apasat
2020-05-14 19:53:06,708 DEBUG c.s.p.SearchPage [main] este afisat numarul total de clipuri diponibile pe pagina
